<?xml version="1.0" encoding="UTF-8"?>
<!-- Generated by org.testng.reporters.JUnitReportReporter -->
<testsuite hostname="IBM-4GWTPM3" name="restassuredframework.restassure" tests="1" failures="0" timestamp="30 Jun 2022 09:34:27 GMT" time="0.005" errors="0">
  <testcase name="test" time="0.005" classname="restassuredframework.restassure"/>
</testsuite> <!-- restassuredframework.restassure -->
