<?xml version="1.0" encoding="UTF-8"?>
<!-- Generated by org.testng.reporters.JUnitReportReporter -->
<testsuite hostname="IBM-4GWTPM3" name="restassuredframework.Assugnment" tests="4" failures="0" timestamp="1 Jul 2022 11:21:56 GMT" time="7.275" errors="0">
  <testcase name="firstDELETE" time="1.211" classname="restassuredframework.Assugnment"/>
  <testcase name="firstPUT" time="1.217" classname="restassuredframework.Assugnment"/>
  <testcase name="anotherGET" time="1.247" classname="restassuredframework.Assugnment"/>
  <testcase name="firstPOST" time="3.600" classname="restassuredframework.Assugnment"/>
</testsuite> <!-- restassuredframework.Assugnment -->
